2020-04-24T02:43:30.401Z - normal: Load ~/.CocosCreator/settings.json
2020-04-24T02:43:30.406Z - normal: checking language setting...
2020-04-24T02:43:30.406Z - normal: Language: en
2020-04-24T02:43:31.970Z - success: protocol editor-framework registered
2020-04-24T02:43:31.970Z - success: protocol app registered
2020-04-24T02:43:31.970Z - success: protocol theme registered
2020-04-24T02:43:31.970Z - success: protocol packages registered
2020-04-24T02:43:31.971Z - success: protocol unpack registerred
2020-04-24T02:43:31.971Z - success: protocol disable-commonjs registerred
2020-04-24T02:43:32.339Z - normal: connected!
2020-04-24T02:43:32.340Z - normal: Check project E:\ProjectH86\GameMoiH86
2020-04-24T02:43:32.342Z - normal: Initializing project E:\ProjectH86\GameMoiH86
2020-04-24T02:43:32.387Z - normal: Initializing Cocos2d
2020-04-24T02:43:32.623Z - normal: Initializing Asset Database
2020-04-24T02:43:32.688Z - success: protocol uuid registerred
2020-04-24T02:43:32.689Z - success: protocol db registerred
2020-04-24T02:43:32.689Z - success: protocol thumbnail registerred
2020-04-24T02:43:32.689Z - normal: Loading editor/builtin packages
2020-04-24T02:43:32.835Z - success: assets loaded
2020-04-24T02:43:32.838Z - success: builder loaded
2020-04-24T02:43:32.841Z - success: cocos-analytics loaded
2020-04-24T02:43:32.844Z - success: console loaded
2020-04-24T02:43:32.882Z - success: fb-instant-games loaded
2020-04-24T02:43:32.888Z - success: hierarchy loaded
2020-04-24T02:43:32.890Z - success: inspector loaded
2020-04-24T02:43:32.892Z - success: keystore loaded
2020-04-24T02:43:32.896Z - success: node-library loaded
2020-04-24T02:43:32.898Z - success: package-asset loaded
2020-04-24T02:43:32.899Z - success: preferences loaded
2020-04-24T02:43:32.900Z - success: project-exporter loaded
2020-04-24T02:43:32.915Z - success: project-importer loaded
2020-04-24T02:43:32.917Z - success: project-settings loaded
2020-04-24T02:43:32.920Z - success: ui-kit loaded
2020-04-24T02:43:32.923Z - success: scene loaded
2020-04-24T02:43:32.925Z - success: sprite-editor loaded
2020-04-24T02:43:32.928Z - success: store loaded
2020-04-24T02:43:32.932Z - success: timeline loaded
2020-04-24T02:43:32.932Z - normal: Loading builtin packages
2020-04-24T02:43:32.936Z - success: asset-db-debugger loaded
2020-04-24T02:43:32.939Z - success: code-editor loaded
2020-04-24T02:43:32.940Z - success: color-picker loaded
2020-04-24T02:43:32.942Z - success: package-manager loaded
2020-04-24T02:43:32.943Z - success: qqplay-adapter loaded
2020-04-24T02:43:32.972Z - success: sdkbox loaded
2020-04-24T02:43:32.980Z - success: tester loaded
2020-04-24T02:43:32.983Z - success: ui-grid loaded
2020-04-24T02:43:32.986Z - success: ui-kit-preview-extra loaded
2020-04-24T02:43:32.987Z - success: ui-kit-preview loaded
2020-04-24T02:43:32.989Z - success: ui-tree loaded
2020-04-24T02:43:32.990Z - success: weapp-adapter loaded
2020-04-24T02:43:34.144Z - normal: Loading packages
2020-04-24T02:43:34.159Z - warn: Invalid package name: test: do not contains uppercase characters.
2020-04-24T02:43:34.209Z - success: test loaded
2020-04-24T02:43:34.209Z - normal: Watching packages
2020-04-24T02:43:34.611Z - normal: Run Application
2020-04-24T02:43:51.498Z - success: preview server running at http://localhost:7457
